2024-07-23 21:38:33,205 fflow.py init [line:691] INFO PROCESS ID:	22432
2024-07-23 21:38:33,205 fflow.py init [line:692] INFO Initializing devices: cpu will be used for this running.
2024-07-23 21:38:33,205 fflow.py init [line:695] INFO BENCHMARK:	flgo.benchmark.mnist_classification
2024-07-23 21:38:33,205 fflow.py init [line:696] INFO TASK:			./my_task
2024-07-23 21:38:33,205 fflow.py init [line:697] INFO MODEL:		flgo.benchmark.mnist_classification.model.cnn
2024-07-23 21:38:33,205 fflow.py init [line:698] INFO ALGORITHM:	fedavg
2024-07-23 21:38:34,167 fflow.py init [line:737] INFO SCENE:		horizontal FL with 1 <class 'flgo.algorithm.fedbase.BasicServer'>, 100 <class 'flgo.algorithm.fedbase.BasicClient'>
2024-07-23 21:38:34,183 fflow.py init [line:754] INFO SIMULATOR:	<class 'flgo.simulator.default_simulator.Simulator'>
2024-07-23 21:38:34,184 fflow.py init [line:767] INFO Ready to start.
2024-07-23 21:38:34,184 fedbase.py run [line:242] INFO --------------Initial Evaluation--------------
2024-07-23 21:38:34,184 simple_logger.py log_once [line:14] INFO Current_time:0
2024-07-23 21:38:40,690 simple_logger.py log_once [line:28] INFO test_accuracy                 0.0845
2024-07-23 21:38:40,690 simple_logger.py log_once [line:28] INFO test_loss                     2.3038
2024-07-23 21:38:40,690 simple_logger.py log_once [line:28] INFO val_accuracy                  0.0772
2024-07-23 21:38:40,691 simple_logger.py log_once [line:28] INFO mean_val_accuracy             0.0772
2024-07-23 21:38:40,691 simple_logger.py log_once [line:28] INFO std_val_accuracy              0.0365
2024-07-23 21:38:40,691 simple_logger.py log_once [line:28] INFO val_loss                      2.3038
2024-07-23 21:38:40,691 simple_logger.py log_once [line:28] INFO mean_val_loss                 2.3038
2024-07-23 21:38:40,691 simple_logger.py log_once [line:28] INFO std_val_loss                  0.0076
2024-07-23 21:38:40,691 fedbase.py run [line:245] INFO Eval Time Cost:               6.5061s
2024-07-23 21:38:49,182 fedbase.py run [line:253] INFO --------------Round 1--------------
2024-07-23 21:38:49,182 simple_logger.py log_once [line:14] INFO Current_time:1
2024-07-23 21:38:55,640 simple_logger.py log_once [line:28] INFO test_accuracy                 0.6535
2024-07-23 21:38:55,640 simple_logger.py log_once [line:28] INFO test_loss                     1.5823
2024-07-23 21:38:55,640 simple_logger.py log_once [line:28] INFO val_accuracy                  0.6268
2024-07-23 21:38:55,640 simple_logger.py log_once [line:28] INFO mean_val_accuracy             0.6268
2024-07-23 21:38:55,640 simple_logger.py log_once [line:28] INFO std_val_accuracy              0.0585
2024-07-23 21:38:55,640 simple_logger.py log_once [line:28] INFO val_loss                      1.6045
2024-07-23 21:38:55,640 simple_logger.py log_once [line:28] INFO mean_val_loss                 1.6045
2024-07-23 21:38:55,640 simple_logger.py log_once [line:28] INFO std_val_loss                  0.0596
2024-07-23 21:38:55,640 fedbase.py run [line:258] INFO Eval Time Cost:               6.4581s
2024-07-23 21:39:03,904 fedbase.py run [line:253] INFO --------------Round 2--------------
2024-07-23 21:39:03,904 simple_logger.py log_once [line:14] INFO Current_time:2
2024-07-23 21:39:10,384 simple_logger.py log_once [line:28] INFO test_accuracy                 0.7614
2024-07-23 21:39:10,385 simple_logger.py log_once [line:28] INFO test_loss                     1.1182
2024-07-23 21:39:10,385 simple_logger.py log_once [line:28] INFO val_accuracy                  0.7452
2024-07-23 21:39:10,385 simple_logger.py log_once [line:28] INFO mean_val_accuracy             0.7452
2024-07-23 21:39:10,385 simple_logger.py log_once [line:28] INFO std_val_accuracy              0.0533
2024-07-23 21:39:10,385 simple_logger.py log_once [line:28] INFO val_loss                      1.1438
2024-07-23 21:39:10,386 simple_logger.py log_once [line:28] INFO mean_val_loss                 1.1438
2024-07-23 21:39:10,386 simple_logger.py log_once [line:28] INFO std_val_loss                  0.0732
2024-07-23 21:39:10,386 fedbase.py run [line:258] INFO Eval Time Cost:               6.4815s
2024-07-23 21:39:18,630 fedbase.py run [line:253] INFO --------------Round 3--------------
2024-07-23 21:39:18,630 simple_logger.py log_once [line:14] INFO Current_time:3
2024-07-23 21:39:25,101 simple_logger.py log_once [line:28] INFO test_accuracy                 0.8475
2024-07-23 21:39:25,101 simple_logger.py log_once [line:28] INFO test_loss                     0.6158
2024-07-23 21:39:25,101 simple_logger.py log_once [line:28] INFO val_accuracy                  0.8295
2024-07-23 21:39:25,101 simple_logger.py log_once [line:28] INFO mean_val_accuracy             0.8295
2024-07-23 21:39:25,101 simple_logger.py log_once [line:28] INFO std_val_accuracy              0.0520
2024-07-23 21:39:25,102 simple_logger.py log_once [line:28] INFO val_loss                      0.6426
2024-07-23 21:39:25,102 simple_logger.py log_once [line:28] INFO mean_val_loss                 0.6426
2024-07-23 21:39:25,102 simple_logger.py log_once [line:28] INFO std_val_loss                  0.0935
2024-07-23 21:39:25,102 fedbase.py run [line:258] INFO Eval Time Cost:               6.4728s
2024-07-23 21:39:33,389 fedbase.py run [line:253] INFO --------------Round 4--------------
2024-07-23 21:39:33,389 simple_logger.py log_once [line:14] INFO Current_time:4
2024-07-23 21:39:39,868 simple_logger.py log_once [line:28] INFO test_accuracy                 0.8820
2024-07-23 21:39:39,868 simple_logger.py log_once [line:28] INFO test_loss                     0.4178
2024-07-23 21:39:39,869 simple_logger.py log_once [line:28] INFO val_accuracy                  0.8683
2024-07-23 21:39:39,869 simple_logger.py log_once [line:28] INFO mean_val_accuracy             0.8683
2024-07-23 21:39:39,869 simple_logger.py log_once [line:28] INFO std_val_accuracy              0.0447
2024-07-23 21:39:39,869 simple_logger.py log_once [line:28] INFO val_loss                      0.4428
2024-07-23 21:39:39,869 simple_logger.py log_once [line:28] INFO mean_val_loss                 0.4428
2024-07-23 21:39:39,869 simple_logger.py log_once [line:28] INFO std_val_loss                  0.0931
2024-07-23 21:39:39,869 fedbase.py run [line:258] INFO Eval Time Cost:               6.4796s
2024-07-23 21:39:48,109 fedbase.py run [line:253] INFO --------------Round 5--------------
2024-07-23 21:39:48,109 simple_logger.py log_once [line:14] INFO Current_time:5
2024-07-23 21:39:54,642 simple_logger.py log_once [line:28] INFO test_accuracy                 0.9216
2024-07-23 21:39:54,643 simple_logger.py log_once [line:28] INFO test_loss                     0.3002
2024-07-23 21:39:54,643 simple_logger.py log_once [line:28] INFO val_accuracy                  0.9103
2024-07-23 21:39:54,643 simple_logger.py log_once [line:28] INFO mean_val_accuracy             0.9103
2024-07-23 21:39:54,643 simple_logger.py log_once [line:28] INFO std_val_accuracy              0.0395
2024-07-23 21:39:54,643 simple_logger.py log_once [line:28] INFO val_loss                      0.3262
2024-07-23 21:39:54,643 simple_logger.py log_once [line:28] INFO mean_val_loss                 0.3262
2024-07-23 21:39:54,644 simple_logger.py log_once [line:28] INFO std_val_loss                  0.0889
2024-07-23 21:39:54,644 fedbase.py run [line:258] INFO Eval Time Cost:               6.5359s
2024-07-23 21:40:02,892 fedbase.py run [line:253] INFO --------------Round 6--------------
2024-07-23 21:40:02,892 simple_logger.py log_once [line:14] INFO Current_time:6
2024-07-23 21:40:09,398 simple_logger.py log_once [line:28] INFO test_accuracy                 0.9315
2024-07-23 21:40:09,398 simple_logger.py log_once [line:28] INFO test_loss                     0.2489
2024-07-23 21:40:09,399 simple_logger.py log_once [line:28] INFO val_accuracy                  0.9198
2024-07-23 21:40:09,399 simple_logger.py log_once [line:28] INFO mean_val_accuracy             0.9198
2024-07-23 21:40:09,399 simple_logger.py log_once [line:28] INFO std_val_accuracy              0.0371
2024-07-23 21:40:09,399 simple_logger.py log_once [line:28] INFO val_loss                      0.2730
2024-07-23 21:40:09,399 simple_logger.py log_once [line:28] INFO mean_val_loss                 0.2730
2024-07-23 21:40:09,399 simple_logger.py log_once [line:28] INFO std_val_loss                  0.0870
2024-07-23 21:40:09,400 fedbase.py run [line:258] INFO Eval Time Cost:               6.5081s
2024-07-23 21:40:17,676 fedbase.py run [line:253] INFO --------------Round 7--------------
2024-07-23 21:40:17,677 simple_logger.py log_once [line:14] INFO Current_time:7
2024-07-23 21:40:24,209 simple_logger.py log_once [line:28] INFO test_accuracy                 0.9425
2024-07-23 21:40:24,209 simple_logger.py log_once [line:28] INFO test_loss                     0.2100
2024-07-23 21:40:24,209 simple_logger.py log_once [line:28] INFO val_accuracy                  0.9313
2024-07-23 21:40:24,209 simple_logger.py log_once [line:28] INFO mean_val_accuracy             0.9313
2024-07-23 21:40:24,209 simple_logger.py log_once [line:28] INFO std_val_accuracy              0.0325
2024-07-23 21:40:24,210 simple_logger.py log_once [line:28] INFO val_loss                      0.2360
2024-07-23 21:40:24,210 simple_logger.py log_once [line:28] INFO mean_val_loss                 0.2360
2024-07-23 21:40:24,210 simple_logger.py log_once [line:28] INFO std_val_loss                  0.0866
2024-07-23 21:40:24,210 fedbase.py run [line:258] INFO Eval Time Cost:               6.5332s
2024-07-23 21:40:32,485 fedbase.py run [line:253] INFO --------------Round 8--------------
2024-07-23 21:40:32,485 simple_logger.py log_once [line:14] INFO Current_time:8
2024-07-23 21:40:39,000 simple_logger.py log_once [line:28] INFO test_accuracy                 0.9461
2024-07-23 21:40:39,000 simple_logger.py log_once [line:28] INFO test_loss                     0.1859
2024-07-23 21:40:39,000 simple_logger.py log_once [line:28] INFO val_accuracy                  0.9392
2024-07-23 21:40:39,000 simple_logger.py log_once [line:28] INFO mean_val_accuracy             0.9392
2024-07-23 21:40:39,001 simple_logger.py log_once [line:28] INFO std_val_accuracy              0.0313
2024-07-23 21:40:39,001 simple_logger.py log_once [line:28] INFO val_loss                      0.2097
2024-07-23 21:40:39,001 simple_logger.py log_once [line:28] INFO mean_val_loss                 0.2097
2024-07-23 21:40:39,001 simple_logger.py log_once [line:28] INFO std_val_loss                  0.0846
2024-07-23 21:40:39,001 fedbase.py run [line:258] INFO Eval Time Cost:               6.5165s
2024-07-23 21:40:47,333 fedbase.py run [line:253] INFO --------------Round 9--------------
2024-07-23 21:40:47,333 simple_logger.py log_once [line:14] INFO Current_time:9
2024-07-23 21:40:53,843 simple_logger.py log_once [line:28] INFO test_accuracy                 0.9493
2024-07-23 21:40:53,844 simple_logger.py log_once [line:28] INFO test_loss                     0.1686
2024-07-23 21:40:53,844 simple_logger.py log_once [line:28] INFO val_accuracy                  0.9450
2024-07-23 21:40:53,844 simple_logger.py log_once [line:28] INFO mean_val_accuracy             0.9450
2024-07-23 21:40:53,844 simple_logger.py log_once [line:28] INFO std_val_accuracy              0.0298
2024-07-23 21:40:53,844 simple_logger.py log_once [line:28] INFO val_loss                      0.1896
2024-07-23 21:40:53,844 simple_logger.py log_once [line:28] INFO mean_val_loss                 0.1896
2024-07-23 21:40:53,845 simple_logger.py log_once [line:28] INFO std_val_loss                  0.0810
2024-07-23 21:40:53,845 fedbase.py run [line:258] INFO Eval Time Cost:               6.5123s
2024-07-23 21:41:02,165 fedbase.py run [line:253] INFO --------------Round 10--------------
2024-07-23 21:41:02,165 simple_logger.py log_once [line:14] INFO Current_time:10
2024-07-23 21:41:08,706 simple_logger.py log_once [line:28] INFO test_accuracy                 0.9528
2024-07-23 21:41:08,707 simple_logger.py log_once [line:28] INFO test_loss                     0.1547
2024-07-23 21:41:08,707 simple_logger.py log_once [line:28] INFO val_accuracy                  0.9488
2024-07-23 21:41:08,707 simple_logger.py log_once [line:28] INFO mean_val_accuracy             0.9488
2024-07-23 21:41:08,707 simple_logger.py log_once [line:28] INFO std_val_accuracy              0.0285
2024-07-23 21:41:08,707 simple_logger.py log_once [line:28] INFO val_loss                      0.1746
2024-07-23 21:41:08,707 simple_logger.py log_once [line:28] INFO mean_val_loss                 0.1746
2024-07-23 21:41:08,707 simple_logger.py log_once [line:28] INFO std_val_loss                  0.0799
2024-07-23 21:41:08,707 fedbase.py run [line:258] INFO Eval Time Cost:               6.5421s
2024-07-23 21:41:17,032 fedbase.py run [line:253] INFO --------------Round 11--------------
2024-07-23 21:41:17,032 simple_logger.py log_once [line:14] INFO Current_time:11
2024-07-23 21:41:23,614 simple_logger.py log_once [line:28] INFO test_accuracy                 0.9547
2024-07-23 21:41:23,614 simple_logger.py log_once [line:28] INFO test_loss                     0.1454
2024-07-23 21:41:23,615 simple_logger.py log_once [line:28] INFO val_accuracy                  0.9507
2024-07-23 21:41:23,615 simple_logger.py log_once [line:28] INFO mean_val_accuracy             0.9507
2024-07-23 21:41:23,615 simple_logger.py log_once [line:28] INFO std_val_accuracy              0.0287
2024-07-23 21:41:23,615 simple_logger.py log_once [line:28] INFO val_loss                      0.1647
2024-07-23 21:41:23,615 simple_logger.py log_once [line:28] INFO mean_val_loss                 0.1647
2024-07-23 21:41:23,615 simple_logger.py log_once [line:28] INFO std_val_loss                  0.0786
2024-07-23 21:41:23,615 fedbase.py run [line:258] INFO Eval Time Cost:               6.5834s
2024-07-23 21:41:31,834 fedbase.py run [line:253] INFO --------------Round 12--------------
2024-07-23 21:41:31,834 simple_logger.py log_once [line:14] INFO Current_time:12
2024-07-23 21:41:38,295 simple_logger.py log_once [line:28] INFO test_accuracy                 0.9578
2024-07-23 21:41:38,296 simple_logger.py log_once [line:28] INFO test_loss                     0.1390
2024-07-23 21:41:38,296 simple_logger.py log_once [line:28] INFO val_accuracy                  0.9535
2024-07-23 21:41:38,296 simple_logger.py log_once [line:28] INFO mean_val_accuracy             0.9535
2024-07-23 21:41:38,296 simple_logger.py log_once [line:28] INFO std_val_accuracy              0.0280
2024-07-23 21:41:38,296 simple_logger.py log_once [line:28] INFO val_loss                      0.1607
2024-07-23 21:41:38,296 simple_logger.py log_once [line:28] INFO mean_val_loss                 0.1607
2024-07-23 21:41:38,296 simple_logger.py log_once [line:28] INFO std_val_loss                  0.0767
2024-07-23 21:41:38,296 fedbase.py run [line:258] INFO Eval Time Cost:               6.4626s
2024-07-23 21:41:46,450 fedbase.py run [line:253] INFO --------------Round 13--------------
2024-07-23 21:41:46,451 simple_logger.py log_once [line:14] INFO Current_time:13
2024-07-23 21:41:52,939 simple_logger.py log_once [line:28] INFO test_accuracy                 0.9608
2024-07-23 21:41:52,939 simple_logger.py log_once [line:28] INFO test_loss                     0.1268
2024-07-23 21:41:52,939 simple_logger.py log_once [line:28] INFO val_accuracy                  0.9568
2024-07-23 21:41:52,939 simple_logger.py log_once [line:28] INFO mean_val_accuracy             0.9568
2024-07-23 21:41:52,939 simple_logger.py log_once [line:28] INFO std_val_accuracy              0.0242
2024-07-23 21:41:52,939 simple_logger.py log_once [line:28] INFO val_loss                      0.1470
2024-07-23 21:41:52,940 simple_logger.py log_once [line:28] INFO mean_val_loss                 0.1470
2024-07-23 21:41:52,940 simple_logger.py log_once [line:28] INFO std_val_loss                  0.0725
2024-07-23 21:41:52,940 fedbase.py run [line:258] INFO Eval Time Cost:               6.4890s
2024-07-23 21:42:01,120 fedbase.py run [line:253] INFO --------------Round 14--------------
2024-07-23 21:42:01,120 simple_logger.py log_once [line:14] INFO Current_time:14
2024-07-23 21:42:07,625 simple_logger.py log_once [line:28] INFO test_accuracy                 0.9619
2024-07-23 21:42:07,625 simple_logger.py log_once [line:28] INFO test_loss                     0.1196
2024-07-23 21:42:07,625 simple_logger.py log_once [line:28] INFO val_accuracy                  0.9587
2024-07-23 21:42:07,625 simple_logger.py log_once [line:28] INFO mean_val_accuracy             0.9587
2024-07-23 21:42:07,626 simple_logger.py log_once [line:28] INFO std_val_accuracy              0.0233
2024-07-23 21:42:07,626 simple_logger.py log_once [line:28] INFO val_loss                      0.1395
2024-07-23 21:42:07,626 simple_logger.py log_once [line:28] INFO mean_val_loss                 0.1395
2024-07-23 21:42:07,626 simple_logger.py log_once [line:28] INFO std_val_loss                  0.0719
2024-07-23 21:42:07,626 fedbase.py run [line:258] INFO Eval Time Cost:               6.5063s
2024-07-23 21:42:15,830 fedbase.py run [line:253] INFO --------------Round 15--------------
2024-07-23 21:42:15,830 simple_logger.py log_once [line:14] INFO Current_time:15
2024-07-23 21:42:22,315 simple_logger.py log_once [line:28] INFO test_accuracy                 0.9643
2024-07-23 21:42:22,315 simple_logger.py log_once [line:28] INFO test_loss                     0.1129
2024-07-23 21:42:22,315 simple_logger.py log_once [line:28] INFO val_accuracy                  0.9608
2024-07-23 21:42:22,315 simple_logger.py log_once [line:28] INFO mean_val_accuracy             0.9608
2024-07-23 21:42:22,315 simple_logger.py log_once [line:28] INFO std_val_accuracy              0.0235
2024-07-23 21:42:22,315 simple_logger.py log_once [line:28] INFO val_loss                      0.1336
2024-07-23 21:42:22,315 simple_logger.py log_once [line:28] INFO mean_val_loss                 0.1336
2024-07-23 21:42:22,316 simple_logger.py log_once [line:28] INFO std_val_loss                  0.0698
2024-07-23 21:42:22,316 fedbase.py run [line:258] INFO Eval Time Cost:               6.4859s
2024-07-23 21:42:30,502 fedbase.py run [line:253] INFO --------------Round 16--------------
2024-07-23 21:42:30,502 simple_logger.py log_once [line:14] INFO Current_time:16
2024-07-23 21:42:36,981 simple_logger.py log_once [line:28] INFO test_accuracy                 0.9642
2024-07-23 21:42:36,981 simple_logger.py log_once [line:28] INFO test_loss                     0.1088
2024-07-23 21:42:36,982 simple_logger.py log_once [line:28] INFO val_accuracy                  0.9612
2024-07-23 21:42:36,982 simple_logger.py log_once [line:28] INFO mean_val_accuracy             0.9612
2024-07-23 21:42:36,982 simple_logger.py log_once [line:28] INFO std_val_accuracy              0.0235
2024-07-23 21:42:36,982 simple_logger.py log_once [line:28] INFO val_loss                      0.1281
2024-07-23 21:42:36,982 simple_logger.py log_once [line:28] INFO mean_val_loss                 0.1281
2024-07-23 21:42:36,982 simple_logger.py log_once [line:28] INFO std_val_loss                  0.0690
2024-07-23 21:42:36,982 fedbase.py run [line:258] INFO Eval Time Cost:               6.4798s
2024-07-23 21:42:45,168 fedbase.py run [line:253] INFO --------------Round 17--------------
2024-07-23 21:42:45,169 simple_logger.py log_once [line:14] INFO Current_time:17
2024-07-23 21:42:51,643 simple_logger.py log_once [line:28] INFO test_accuracy                 0.9665
2024-07-23 21:42:51,644 simple_logger.py log_once [line:28] INFO test_loss                     0.1046
2024-07-23 21:42:51,644 simple_logger.py log_once [line:28] INFO val_accuracy                  0.9623
2024-07-23 21:42:51,644 simple_logger.py log_once [line:28] INFO mean_val_accuracy             0.9623
2024-07-23 21:42:51,644 simple_logger.py log_once [line:28] INFO std_val_accuracy              0.0235
2024-07-23 21:42:51,644 simple_logger.py log_once [line:28] INFO val_loss                      0.1238
2024-07-23 21:42:51,644 simple_logger.py log_once [line:28] INFO mean_val_loss                 0.1238
2024-07-23 21:42:51,644 simple_logger.py log_once [line:28] INFO std_val_loss                  0.0669
2024-07-23 21:42:51,644 fedbase.py run [line:258] INFO Eval Time Cost:               6.4761s
2024-07-23 21:42:59,892 fedbase.py run [line:253] INFO --------------Round 18--------------
2024-07-23 21:42:59,892 simple_logger.py log_once [line:14] INFO Current_time:18
2024-07-23 21:43:06,324 simple_logger.py log_once [line:28] INFO test_accuracy                 0.9675
2024-07-23 21:43:06,324 simple_logger.py log_once [line:28] INFO test_loss                     0.0995
2024-07-23 21:43:06,324 simple_logger.py log_once [line:28] INFO val_accuracy                  0.9638
2024-07-23 21:43:06,324 simple_logger.py log_once [line:28] INFO mean_val_accuracy             0.9638
2024-07-23 21:43:06,324 simple_logger.py log_once [line:28] INFO std_val_accuracy              0.0219
2024-07-23 21:43:06,325 simple_logger.py log_once [line:28] INFO val_loss                      0.1184
2024-07-23 21:43:06,325 simple_logger.py log_once [line:28] INFO mean_val_loss                 0.1184
2024-07-23 21:43:06,325 simple_logger.py log_once [line:28] INFO std_val_loss                  0.0660
2024-07-23 21:43:06,325 fedbase.py run [line:258] INFO Eval Time Cost:               6.4330s
2024-07-23 21:43:14,480 fedbase.py run [line:253] INFO --------------Round 19--------------
2024-07-23 21:43:14,480 simple_logger.py log_once [line:14] INFO Current_time:19
2024-07-23 21:43:20,928 simple_logger.py log_once [line:28] INFO test_accuracy                 0.9690
2024-07-23 21:43:20,928 simple_logger.py log_once [line:28] INFO test_loss                     0.0957
2024-07-23 21:43:20,928 simple_logger.py log_once [line:28] INFO val_accuracy                  0.9650
2024-07-23 21:43:20,928 simple_logger.py log_once [line:28] INFO mean_val_accuracy             0.9650
2024-07-23 21:43:20,928 simple_logger.py log_once [line:28] INFO std_val_accuracy              0.0220
2024-07-23 21:43:20,928 simple_logger.py log_once [line:28] INFO val_loss                      0.1150
2024-07-23 21:43:20,929 simple_logger.py log_once [line:28] INFO mean_val_loss                 0.1150
2024-07-23 21:43:20,929 simple_logger.py log_once [line:28] INFO std_val_loss                  0.0654
2024-07-23 21:43:20,929 fedbase.py run [line:258] INFO Eval Time Cost:               6.4485s
2024-07-23 21:43:29,177 fedbase.py run [line:253] INFO --------------Round 20--------------
2024-07-23 21:43:29,177 simple_logger.py log_once [line:14] INFO Current_time:20
2024-07-23 21:43:35,596 simple_logger.py log_once [line:28] INFO test_accuracy                 0.9701
2024-07-23 21:43:35,596 simple_logger.py log_once [line:28] INFO test_loss                     0.0923
2024-07-23 21:43:35,596 simple_logger.py log_once [line:28] INFO val_accuracy                  0.9658
2024-07-23 21:43:35,596 simple_logger.py log_once [line:28] INFO mean_val_accuracy             0.9658
2024-07-23 21:43:35,596 simple_logger.py log_once [line:28] INFO std_val_accuracy              0.0224
2024-07-23 21:43:35,596 simple_logger.py log_once [line:28] INFO val_loss                      0.1110
2024-07-23 21:43:35,596 simple_logger.py log_once [line:28] INFO mean_val_loss                 0.1110
2024-07-23 21:43:35,597 simple_logger.py log_once [line:28] INFO std_val_loss                  0.0630
2024-07-23 21:43:35,597 fedbase.py run [line:258] INFO Eval Time Cost:               6.4200s
2024-07-23 21:43:35,597 fedbase.py run [line:265] INFO =================End==================
2024-07-23 21:43:35,597 fedbase.py run [line:266] INFO Total Time Cost:              301.4121s
